[debug] [2021-09-15T13:54:51.718Z] ----------------------------------------------------------------------
[debug] [2021-09-15T13:54:51.720Z] Command:       /Users/jasonfrank/.nvm/versions/node/v16.3.0/bin/node /Users/jasonfrank/.nvm/versions/node/v16.3.0/bin/firebase emulators:exec ./test.sh
[debug] [2021-09-15T13:54:51.720Z] CLI Version:   9.18.0
[debug] [2021-09-15T13:54:51.720Z] Platform:      darwin
[debug] [2021-09-15T13:54:51.720Z] Node Version:  v16.3.0
[debug] [2021-09-15T13:54:51.722Z] Time:          Wed Sep 15 2021 09:54:51 GMT-0400 (Eastern Daylight Time)
[debug] [2021-09-15T13:54:51.722Z] ----------------------------------------------------------------------
[debug] 
[debug] [2021-09-15T13:54:51.770Z] > command requires scopes: ["email","openid","https://www.googleapis.com/auth/cloudplatformprojects.readonly","https://www.googleapis.com/auth/firebase","https://www.googleapis.com/auth/cloud-platform"]
[debug] [2021-09-15T13:54:51.770Z] > authorizing via signed-in user (jasonkylefrank@gmail.com)
[info] i  emulators: Starting emulators: auth, functions, firestore, hosting {"metadata":{"emulator":{"name":"hub"},"message":"Starting emulators: auth, functions, firestore, hosting"}}
[debug] [2021-09-15T13:54:51.784Z] [hub] writing locator at /var/folders/9_/dh5mx2yj0ks93lwslbm2f8hh0000gn/T/hub-friendlyeats-6a415.json
[warn] ⚠  functions: The following emulators are not running, calls to these services from the Functions emulator will affect production: database, pubsub, storage {"metadata":{"emulator":{"name":"functions"},"message":"The following emulators are not running, calls to these services from the Functions emulator will affect production: \u001b[1mdatabase, pubsub, storage\u001b[22m"}}
[warn] ⚠  Your requested "node" version "14" doesn't match your global version "16" {"metadata":{"emulator":{"name":"functions"},"message":"Your requested \"node\" version \"14\" doesn't match your global version \"16\""}}
[debug] [2021-09-15T13:54:51.804Z] defaultcredentials: writing to file /Users/jasonfrank/.config/firebase/jasonkylefrank_gmail_com_application_default_credentials.json
[debug] [2021-09-15T13:54:51.805Z] Setting GAC to /Users/jasonfrank/.config/firebase/jasonkylefrank_gmail_com_application_default_credentials.json {"metadata":{"emulator":{"name":"functions"},"message":"Setting GAC to /Users/jasonfrank/.config/firebase/jasonkylefrank_gmail_com_application_default_credentials.json"}}
[debug] [2021-09-15T13:54:51.808Z] > refreshing access token with scopes: []
[debug] [2021-09-15T13:54:51.809Z] >>> HTTP REQUEST POST https://www.googleapis.com/oauth2/v3/token  
 <request body omitted>
[debug] [2021-09-15T13:54:52.030Z] <<< HTTP RESPONSE 200 {"date":"Wed, 15 Sep 2021 13:54:52 GMT","cache-control":"no-cache, no-store, max-age=0, must-revalidate","expires":"Mon, 01 Jan 1990 00:00:00 GMT","pragma":"no-cache","content-type":"application/json; charset=utf-8","vary":"X-Origin, Referer, Origin,Accept-Encoding","server":"scaffolding on HTTPServer2","x-xss-protection":"0","x-frame-options":"SAMEORIGIN","x-content-type-options":"nosniff","alt-svc":"h3=\":443\"; ma=2592000,h3-29=\":443\"; ma=2592000,h3-T051=\":443\"; ma=2592000,h3-Q050=\":443\"; ma=2592000,h3-Q046=\":443\"; ma=2592000,h3-Q043=\":443\"; ma=2592000,quic=\":443\"; ma=2592000; v=\"46,43\"","accept-ranges":"none","transfer-encoding":"chunked"}
[debug] [2021-09-15T13:54:52.047Z] >>> [apiv2][query] GET https://firebase.googleapis.com/v1beta1/projects/friendlyeats-6a415/adminSdkConfig [none]
[debug] [2021-09-15T13:54:52.449Z] <<< [apiv2][status] GET https://firebase.googleapis.com/v1beta1/projects/friendlyeats-6a415/adminSdkConfig 200
[debug] [2021-09-15T13:54:52.450Z] <<< [apiv2][body] GET https://firebase.googleapis.com/v1beta1/projects/friendlyeats-6a415/adminSdkConfig {"projectId":"friendlyeats-6a415","storageBucket":"friendlyeats-6a415.appspot.com","locationId":"us-central"}
[debug] [2021-09-15T13:54:52.720Z] Ignoring unsupported arg: projectId {"metadata":{"emulator":{"name":"firestore"},"message":"Ignoring unsupported arg: projectId"}}
[debug] [2021-09-15T13:54:52.720Z] Ignoring unsupported arg: auto_download {"metadata":{"emulator":{"name":"firestore"},"message":"Ignoring unsupported arg: auto_download"}}
[debug] [2021-09-15T13:54:52.720Z] Starting Firestore Emulator with command {"binary":"java","args":["-Dgoogle.cloud_firestore.debug_log_level=FINE","-Duser.language=en","-jar","/Users/jasonfrank/.cache/firebase/emulators/cloud-firestore-emulator-v1.13.1.jar","--host","localhost","--port",8080,"--rules","/Users/jasonfrank/Projects/firebase/friendlyeats/firestore.rules","--functions_emulator","localhost:5001"],"optionalArgs":["port","webchannel_port","host","rules","functions_emulator","seed_from_export"],"joinArgs":false} {"metadata":{"emulator":{"name":"firestore"},"message":"Starting Firestore Emulator with command {\"binary\":\"java\",\"args\":[\"-Dgoogle.cloud_firestore.debug_log_level=FINE\",\"-Duser.language=en\",\"-jar\",\"/Users/jasonfrank/.cache/firebase/emulators/cloud-firestore-emulator-v1.13.1.jar\",\"--host\",\"localhost\",\"--port\",8080,\"--rules\",\"/Users/jasonfrank/Projects/firebase/friendlyeats/firestore.rules\",\"--functions_emulator\",\"localhost:5001\"],\"optionalArgs\":[\"port\",\"webchannel_port\",\"host\",\"rules\",\"functions_emulator\",\"seed_from_export\"],\"joinArgs\":false}"}}
[info] i  firestore: Firestore Emulator logging to firestore-debug.log {"metadata":{"emulator":{"name":"firestore"},"message":"Firestore Emulator logging to \u001b[1mfirestore-debug.log\u001b[22m"}}
[debug] [2021-09-15T13:54:54.210Z] Sep 15, 2021 9:54:54 AM com.google.cloud.datastore.emulator.firestore.websocket.WebSocketServer start
INFO: Started WebSocket server on ws://localhost:62703
 {"metadata":{"emulator":{"name":"firestore"},"message":"Sep 15, 2021 9:54:54 AM com.google.cloud.datastore.emulator.firestore.websocket.WebSocketServer start\nINFO: Started WebSocket server on ws://localhost:62703\n"}}
[debug] [2021-09-15T13:54:54.244Z] API endpoint: http://localhost {"metadata":{"emulator":{"name":"firestore"},"message":"API endpoint: http://localhost"}}
[debug] [2021-09-15T13:54:54.244Z] :8080
If you are using a library that supports the FIRESTORE_EMULATOR_HOST environment variable, run:

   export FIRESTORE_EMULATOR_HOST=localhost:8080

Dev App Server is now running.

 {"metadata":{"emulator":{"name":"firestore"},"message":":8080\nIf you are using a library that supports the FIRESTORE_EMULATOR_HOST environment variable, run:\n\n   export FIRESTORE_EMULATOR_HOST=localhost:8080\n\nDev App Server is now running.\n\n"}}
[debug] [2021-09-15T13:54:56.680Z] >>> [apiv2][query] GET https://firebasehosting.googleapis.com/v1beta1/projects/friendlyeats-6a415/sites 
[debug] [2021-09-15T13:54:57.039Z] <<< [apiv2][status] GET https://firebasehosting.googleapis.com/v1beta1/projects/friendlyeats-6a415/sites 200
[debug] [2021-09-15T13:54:57.040Z] <<< [apiv2][body] GET https://firebasehosting.googleapis.com/v1beta1/projects/friendlyeats-6a415/sites {"sites":[{"name":"projects/605785381264/sites/friendlyeats-6a415","defaultUrl":"https://friendlyeats-6a415.web.app","type":"DEFAULT_SITE"}]}
[debug] [2021-09-15T13:54:57.040Z] >>> [apiv2][query] GET https://firebase.googleapis.com/v1beta1/projects/friendlyeats-6a415/webApps/-/config [none]
[debug] [2021-09-15T13:54:57.499Z] <<< [apiv2][status] GET https://firebase.googleapis.com/v1beta1/projects/friendlyeats-6a415/webApps/-/config 200
[debug] [2021-09-15T13:54:57.500Z] <<< [apiv2][body] GET https://firebase.googleapis.com/v1beta1/projects/friendlyeats-6a415/webApps/-/config {"projectId":"friendlyeats-6a415","storageBucket":"friendlyeats-6a415.appspot.com","locationId":"us-central","apiKey":"AIzaSyBFRoXI4aGcqPE4Nk4LgJk9JoIhDwk_C54","authDomain":"friendlyeats-6a415.firebaseapp.com","messagingSenderId":"605785381264"}
[info] i  hosting: Serving hosting files from: ./ {"metadata":{"emulator":{"name":"hosting"},"message":"Serving hosting files from: \u001b[1m./\u001b[22m"}}
[info] ✔  hosting: Local server: http://localhost:5000 {"metadata":{"emulator":{"name":"hosting"},"message":"Local server: \u001b[4m\u001b[1mhttp://localhost:5000\u001b[22m\u001b[24m"}}
[info] i  functions: Watching "/Users/jasonfrank/Projects/firebase/friendlyeats/functions" for Cloud Functions... {"metadata":{"emulator":{"name":"functions"},"message":"Watching \"/Users/jasonfrank/Projects/firebase/friendlyeats/functions\" for Cloud Functions..."}}
[debug] [2021-09-15T13:54:57.796Z] [worker-pool] addWorker(~diagnostic~) {"metadata":{"emulator":{"name":"functions"},"message":"[worker-pool] addWorker(~diagnostic~)"}}
[debug] [2021-09-15T13:54:57.797Z] [worker-pool] Adding worker with key ~diagnostic~, total=1 {"metadata":{"emulator":{"name":"functions"},"message":"[worker-pool] Adding worker with key ~diagnostic~, total=1"}}
[debug] [2021-09-15T13:54:57.797Z] [worker-pool] submitWork(triggerId=) {"metadata":{"emulator":{"name":"functions"},"message":"[worker-pool] submitWork(triggerId=)"}}
[debug] [2021-09-15T13:54:57.798Z] [worker-~diagnostic~-89d0067a-ed59-4d53-b84e-d27be0a0ce87]: Assigning socketPath: /var/folders/9_/dh5mx2yj0ks93lwslbm2f8hh0000gn/T/fire_emu_79212.sock {"metadata":{"emulator":{"name":"functions"},"message":"[worker-~diagnostic~-89d0067a-ed59-4d53-b84e-d27be0a0ce87]: Assigning socketPath: /var/folders/9_/dh5mx2yj0ks93lwslbm2f8hh0000gn/T/fire_emu_79212.sock"}}
[debug] [2021-09-15T13:54:57.798Z] [worker-~diagnostic~-89d0067a-ed59-4d53-b84e-d27be0a0ce87]: BUSY {"metadata":{"emulator":{"name":"functions"},"message":"[worker-~diagnostic~-89d0067a-ed59-4d53-b84e-d27be0a0ce87]: BUSY"}}
[debug] [2021-09-15T13:54:58.026Z] [runtime-status] [79212] Functions runtime initialized. {"cwd":"/Users/jasonfrank/Projects/firebase/friendlyeats/functions","node_version":"16.3.0"} {"metadata":{"emulator":{"name":"functions"},"message":"[runtime-status] [79212] Functions runtime initialized. {\"cwd\":\"/Users/jasonfrank/Projects/firebase/friendlyeats/functions\",\"node_version\":\"16.3.0\"}"}}
[debug] [2021-09-15T13:54:58.029Z] [runtime-status] [79212] Disabled runtime features: undefined {"metadata":{"emulator":{"name":"functions"},"message":"[runtime-status] [79212] Disabled runtime features: undefined"}}
[debug] [2021-09-15T13:54:58.036Z] [runtime-status] [79212] Resolved module firebase-admin {"declared":true,"installed":true,"version":"9.11.1","resolution":"/Users/jasonfrank/Projects/firebase/friendlyeats/functions/node_modules/firebase-admin/lib/index.js"} {"metadata":{"emulator":{"name":"functions"},"message":"[runtime-status] [79212] Resolved module firebase-admin {\"declared\":true,\"installed\":true,\"version\":\"9.11.1\",\"resolution\":\"/Users/jasonfrank/Projects/firebase/friendlyeats/functions/node_modules/firebase-admin/lib/index.js\"}"}}
[debug] [2021-09-15T13:54:58.041Z] [runtime-status] [79212] Resolved module firebase-functions {"declared":true,"installed":true,"version":"3.15.5","resolution":"/Users/jasonfrank/Projects/firebase/friendlyeats/functions/node_modules/firebase-functions/lib/index.js"} {"metadata":{"emulator":{"name":"functions"},"message":"[runtime-status] [79212] Resolved module firebase-functions {\"declared\":true,\"installed\":true,\"version\":\"3.15.5\",\"resolution\":\"/Users/jasonfrank/Projects/firebase/friendlyeats/functions/node_modules/firebase-functions/lib/index.js\"}"}}
[debug] [2021-09-15T13:54:58.043Z] [runtime-status] [79212] Resolved module firebase-functions {"declared":true,"installed":true,"version":"3.15.5","resolution":"/Users/jasonfrank/Projects/firebase/friendlyeats/functions/node_modules/firebase-functions/lib/index.js"} {"metadata":{"emulator":{"name":"functions"},"message":"[runtime-status] [79212] Resolved module firebase-functions {\"declared\":true,\"installed\":true,\"version\":\"3.15.5\",\"resolution\":\"/Users/jasonfrank/Projects/firebase/friendlyeats/functions/node_modules/firebase-functions/lib/index.js\"}"}}
[debug] [2021-09-15T13:54:58.045Z] [runtime-status] [79212] Outgoing network have been stubbed. [{"name":"http","status":"mocked"},{"name":"http","status":"mocked"},{"name":"https","status":"mocked"},{"name":"https","status":"mocked"},{"name":"net","status":"mocked"}] {"metadata":{"emulator":{"name":"functions"},"message":"[runtime-status] [79212] Outgoing network have been stubbed. [{\"name\":\"http\",\"status\":\"mocked\"},{\"name\":\"http\",\"status\":\"mocked\"},{\"name\":\"https\",\"status\":\"mocked\"},{\"name\":\"https\",\"status\":\"mocked\"},{\"name\":\"net\",\"status\":\"mocked\"}]"}}
[debug] [2021-09-15T13:54:58.046Z] [runtime-status] [79212] Resolved module firebase-functions {"declared":true,"installed":true,"version":"3.15.5","resolution":"/Users/jasonfrank/Projects/firebase/friendlyeats/functions/node_modules/firebase-functions/lib/index.js"} {"metadata":{"emulator":{"name":"functions"},"message":"[runtime-status] [79212] Resolved module firebase-functions {\"declared\":true,\"installed\":true,\"version\":\"3.15.5\",\"resolution\":\"/Users/jasonfrank/Projects/firebase/friendlyeats/functions/node_modules/firebase-functions/lib/index.js\"}"}}
[debug] [2021-09-15T13:54:58.142Z] [runtime-status] [79212] Checked functions.config() {"config":{}} {"metadata":{"emulator":{"name":"functions"},"message":"[runtime-status] [79212] Checked functions.config() {\"config\":{}}"}}
[debug] [2021-09-15T13:54:58.142Z] [runtime-status] [79212] firebase-functions has been stubbed. {"functionsResolution":{"declared":true,"installed":true,"version":"3.15.5","resolution":"/Users/jasonfrank/Projects/firebase/friendlyeats/functions/node_modules/firebase-functions/lib/index.js"}} {"metadata":{"emulator":{"name":"functions"},"message":"[runtime-status] [79212] firebase-functions has been stubbed. {\"functionsResolution\":{\"declared\":true,\"installed\":true,\"version\":\"3.15.5\",\"resolution\":\"/Users/jasonfrank/Projects/firebase/friendlyeats/functions/node_modules/firebase-functions/lib/index.js\"}}"}}
[debug] [2021-09-15T13:54:58.143Z] [runtime-status] [79212] Resolved module firebase-functions {"declared":true,"installed":true,"version":"3.15.5","resolution":"/Users/jasonfrank/Projects/firebase/friendlyeats/functions/node_modules/firebase-functions/lib/index.js"} {"metadata":{"emulator":{"name":"functions"},"message":"[runtime-status] [79212] Resolved module firebase-functions {\"declared\":true,\"installed\":true,\"version\":\"3.15.5\",\"resolution\":\"/Users/jasonfrank/Projects/firebase/friendlyeats/functions/node_modules/firebase-functions/lib/index.js\"}"}}
[debug] [2021-09-15T13:54:58.144Z] [runtime-status] [79212] Resolved module firebase-admin {"declared":true,"installed":true,"version":"9.11.1","resolution":"/Users/jasonfrank/Projects/firebase/friendlyeats/functions/node_modules/firebase-admin/lib/index.js"} {"metadata":{"emulator":{"name":"functions"},"message":"[runtime-status] [79212] Resolved module firebase-admin {\"declared\":true,\"installed\":true,\"version\":\"9.11.1\",\"resolution\":\"/Users/jasonfrank/Projects/firebase/friendlyeats/functions/node_modules/firebase-admin/lib/index.js\"}"}}
[debug] [2021-09-15T13:54:58.144Z] [runtime-status] [79212] Resolved module firebase-functions {"declared":true,"installed":true,"version":"3.15.5","resolution":"/Users/jasonfrank/Projects/firebase/friendlyeats/functions/node_modules/firebase-functions/lib/index.js"} {"metadata":{"emulator":{"name":"functions"},"message":"[runtime-status] [79212] Resolved module firebase-functions {\"declared\":true,\"installed\":true,\"version\":\"3.15.5\",\"resolution\":\"/Users/jasonfrank/Projects/firebase/friendlyeats/functions/node_modules/firebase-functions/lib/index.js\"}"}}
[debug] [2021-09-15T13:54:58.145Z] [runtime-status] [79212] firebase-admin has been stubbed. {"adminResolution":{"declared":true,"installed":true,"version":"9.11.1","resolution":"/Users/jasonfrank/Projects/firebase/friendlyeats/functions/node_modules/firebase-admin/lib/index.js"}} {"metadata":{"emulator":{"name":"functions"},"message":"[runtime-status] [79212] firebase-admin has been stubbed. {\"adminResolution\":{\"declared\":true,\"installed\":true,\"version\":\"9.11.1\",\"resolution\":\"/Users/jasonfrank/Projects/firebase/friendlyeats/functions/node_modules/firebase-admin/lib/index.js\"}}"}}
[info] ✔  functions[us-central1-helloWorld]: http function initialized (http://localhost:5001/friendlyeats-6a415/us-central1/helloWorld). {"metadata":{"emulator":{"name":"functions"},"message":"\u001b[1mhttp\u001b[22m function initialized (http://localhost:5001/friendlyeats-6a415/us-central1/helloWorld)."}}
[debug] [2021-09-15T13:54:58.149Z] addFirestoreTrigger "{\"eventTrigger\":{\"resource\":\"projects/friendlyeats-6a415/databases/(default)/documents/messages/{documentId}\",\"eventType\":\"providers/cloud.firestore/eventTypes/document.create\",\"service\":\"firestore.googleapis.com\"}}"
[debug] [2021-09-15T13:54:58.149Z] >>> HTTP REQUEST PUT http://localhost:8080/emulator/v1/projects/friendlyeats-6a415/triggers/us-central1-makeUppercase-0  
 {"eventTrigger":{"resource":"projects/friendlyeats-6a415/databases/(default)/documents/messages/{documentId}","eventType":"providers/cloud.firestore/eventTypes/document.create","service":"firestore.googleapis.com"}}
[debug] [2021-09-15T13:54:58.151Z] [worker-~diagnostic~-89d0067a-ed59-4d53-b84e-d27be0a0ce87]: IDLE {"metadata":{"emulator":{"name":"functions"},"message":"[worker-~diagnostic~-89d0067a-ed59-4d53-b84e-d27be0a0ce87]: IDLE"}}
[debug] [2021-09-15T13:54:58.164Z] Sep 15, 2021 9:54:58 AM io.gapi.emulators.netty.HttpVersionRoutingHandler channelRead
INFO: Detected non-HTTP/2 connection.
 {"metadata":{"emulator":{"name":"firestore"},"message":"Sep 15, 2021 9:54:58 AM io.gapi.emulators.netty.HttpVersionRoutingHandler channelRead\nINFO: Detected non-HTTP/2 connection.\n"}}
[debug] [2021-09-15T13:54:58.354Z] Sep 15, 2021 9:54:58 AM io.gapi.emulators.netty.HttpVersionRoutingHandler channelRead
INFO: Detected HTTP/2 connection.
 {"metadata":{"emulator":{"name":"firestore"},"message":"Sep 15, 2021 9:54:58 AM io.gapi.emulators.netty.HttpVersionRoutingHandler channelRead\nINFO: Detected HTTP/2 connection.\n"}}
[debug] [2021-09-15T13:54:59.025Z] <<< HTTP RESPONSE 200 {"content-type":"application/json","content-length":"4"}
[info] ✔  functions[us-central1-makeUppercase]: firestore function initialized. {"metadata":{"emulator":{"name":"functions"},"message":"\u001b[1mfirestore\u001b[22m function initialized."}}
[info] i  Running script: ./test.sh 
[debug] [2021-09-15T13:54:59.032Z] Running ./test.sh with environment {"MANPATH":"/Users/jasonfrank/.nvm/versions/node/v16.3.0/share/man:/usr/share/man:/usr/local/share/man:/opt/X11/share/man:/Library/Apple/usr/share/man:/Library/Developer/CommandLineTools/SDKs/MacOSX.sdk/usr/share/man:/Library/Developer/CommandLineTools/usr/share/man","TERM_PROGRAM":"vscode","LESS_TERMCAP_md":"\u001b[38;5;136m","TERM":"xterm-256color","SHELL":"/bin/bash","HISTSIZE":"32768","TMPDIR":"/var/folders/9_/dh5mx2yj0ks93lwslbm2f8hh0000gn/T/","NVM_PATH":"/Users/jasonfrank/.nvm/versions/node/v16.3.0/lib/node","TERM_PROGRAM_VERSION":"1.60.0","ORIGINAL_XDG_CURRENT_DESKTOP":"undefined","TERM_SESSION_ID":"BA29C28D-EDB0-4FE0-ADA9-20C5D5709B3A","LC_ALL":"en_US.UTF-8","NVM_DIR":"/Users/jasonfrank/.nvm","HISTFILESIZE":"32768","USER":"jasonfrank","LS_COLORS":"no=00:fi=00:di=01;34:ln=01;36:pi=40;33:so=01;35:do=01;35:bd=40;33;01:cd=40;33;01:or=40;31;01:ex=01;32:*.tar=01;31:*.tgz=01;31:*.arj=01;31:*.taz=01;31:*.lzh=01;31:*.zip=01;31:*.z=01;31:*.Z=01;31:*.gz=01;31:*.bz2=01;31:*.deb=01;31:*.rpm=01;31:*.jar=01;31:*.jpg=01;35:*.jpeg=01;35:*.gif=01;35:*.bmp=01;35:*.pbm=01;35:*.pgm=01;35:*.ppm=01;35:*.tga=01;35:*.xbm=01;35:*.xpm=01;35:*.tif=01;35:*.tiff=01;35:*.png=01;35:*.mov=01;35:*.mpg=01;35:*.mpeg=01;35:*.avi=01;35:*.fli=01;35:*.gl=01;35:*.dl=01;35:*.xcf=01;35:*.xwd=01;35:*.ogg=01;35:*.mp3=01;35:*.wav=01;35:","SSH_AUTH_SOCK":"/private/tmp/com.apple.launchd.slXGPb9thc/Listeners","__CF_USER_TEXT_ENCODING":"0x1F5:0x0:0x0","PATH":"/Users/jasonfrank/.nvm/versions/node/v16.3.0/bin:/Users/jasonfrank/bin:/usr/local/bin:/usr/bin:/bin:/usr/sbin:/sbin:/usr/local/share/dotnet:/opt/X11/bin:~/.dotnet/tools:/Users/jasonfrank/bin","LaunchInstanceID":"CDF08CEC-5041-4C10-80E5-0743732F7238","NVM_NODEJS_ORG_MIRROR":"https://nodejs.org/dist","__CFBundleIdentifier":"com.apple.Terminal","PWD":"/Users/jasonfrank/Projects/firebase/friendlyeats","EDITOR":"vim","LANG":"en_US.UTF-8","XPC_FLAGS":"0x0","PS1":"\\[\\033]0;\\w\\007\\]\\[\u001b[1m\\]\\n\\[\u001b[38;5;166m\\]\\u\\[\u001b[97m\\] at \\[\u001b[38;5;136m\\]\\h\\[\u001b[97m\\] in \\[\u001b[38;5;64m\\]\\w$(prompt_git \"\u001b[97m on \u001b[38;5;61m\")\\n\\[\u001b[97m\\]$ \\[\u001b(B\u001b[m\\]","PS2":"\\[\u001b[38;5;136m\\]→ \\[\u001b(B\u001b[m\\]","HISTCONTROL":"ignoreboth","XPC_SERVICE_NAME":"0","MANPAGER":"less -X","HOME":"/Users/jasonfrank","SHLVL":"3","VSCODE_GIT_ASKPASS_MAIN":"/Applications/Visual Studio Code.app/Contents/Resources/app/extensions/git/dist/askpass-main.js","APPLICATION_INSIGHTS_NO_DIAGNOSTIC_CHANNEL":"true","GREP_OPTIONS":"--color=auto","LOGNAME":"jasonfrank","VSCODE_GIT_IPC_HANDLE":"/var/folders/9_/dh5mx2yj0ks93lwslbm2f8hh0000gn/T/vscode-git-ea2319d800.sock","NVM_BIN":"/Users/jasonfrank/.nvm/versions/node/v16.3.0/bin","NVM_IOJS_ORG_MIRROR":"https://iojs.org/dist","VSCODE_GIT_ASKPASS_NODE":"/Applications/Visual Studio Code.app/Contents/Frameworks/Code Helper (Renderer).app/Contents/MacOS/Code Helper (Renderer)","GIT_ASKPASS":"/Applications/Visual Studio Code.app/Contents/Resources/app/extensions/git/dist/askpass.sh","DISPLAY":"/private/tmp/com.apple.launchd.evSGGXXq0n/org.macosforge.xquartz:0","SECURITYSESSIONID":"186a6","COLORTERM":"truecolor","_":"/Users/jasonfrank/.nvm/versions/node/v16.3.0/bin/firebase","IS_FIREBASE_CLI":"true","GCLOUD_PROJECT":"friendlyeats-6a415","FIRESTORE_EMULATOR_HOST":"localhost:8080","FIREBASE_FIRESTORE_EMULATOR_ADDRESS":"localhost:8080","FIREBASE_AUTH_EMULATOR_HOST":"localhost:9099","FIREBASE_EMULATOR_HUB":"localhost:4400"}
[warn] ⚠  Script exited unsuccessfully (code 127) 
[info] i  emulators: Shutting down emulators. {"metadata":{"emulator":{"name":"hub"},"message":"Shutting down emulators."}}
[info] i  functions: Stopping Functions Emulator {"metadata":{"emulator":{"name":"functions"},"message":"Stopping Functions Emulator"}}
[info] i  hosting: Stopping Hosting Emulator {"metadata":{"emulator":{"name":"hosting"},"message":"Stopping Hosting Emulator"}}
[info] i  firestore: Stopping Firestore Emulator {"metadata":{"emulator":{"name":"firestore"},"message":"Stopping Firestore Emulator"}}
[debug] [2021-09-15T13:54:59.853Z] *** shutting down gRPC server since JVM is shutting down
 {"metadata":{"emulator":{"name":"firestore"},"message":"*** shutting down gRPC server since JVM is shutting down\n"}}
[debug] [2021-09-15T13:54:59.855Z] [worker-~diagnostic~-89d0067a-ed59-4d53-b84e-d27be0a0ce87]: exited {"metadata":{"emulator":{"name":"functions"},"message":"[worker-~diagnostic~-89d0067a-ed59-4d53-b84e-d27be0a0ce87]: exited"}}
[debug] [2021-09-15T13:54:59.855Z] [worker-~diagnostic~-89d0067a-ed59-4d53-b84e-d27be0a0ce87]: FINISHED {"metadata":{"emulator":{"name":"functions"},"message":"[worker-~diagnostic~-89d0067a-ed59-4d53-b84e-d27be0a0ce87]: FINISHED"}}
[debug] [2021-09-15T13:54:59.859Z] *** server shut down
 {"metadata":{"emulator":{"name":"firestore"},"message":"*** server shut down\n"}}
[info] i  auth: Stopping Authentication Emulator {"metadata":{"emulator":{"name":"auth"},"message":"Stopping Authentication Emulator"}}
[info] i  hub: Stopping emulator hub {"metadata":{"emulator":{"name":"hub"},"message":"Stopping emulator hub"}}
[error] 
[error] Error: Script "./test.sh" exited with code 127
[debug] [2021-09-15T13:56:38.464Z] ----------------------------------------------------------------------
[debug] [2021-09-15T13:56:38.466Z] Command:       /Users/jasonfrank/.nvm/versions/node/v16.3.0/bin/node /Users/jasonfrank/.nvm/versions/node/v16.3.0/bin/firebase emulators:exec ./test.sh
[debug] [2021-09-15T13:56:38.466Z] CLI Version:   9.18.0
[debug] [2021-09-15T13:56:38.466Z] Platform:      darwin
[debug] [2021-09-15T13:56:38.466Z] Node Version:  v16.3.0
[debug] [2021-09-15T13:56:38.468Z] Time:          Wed Sep 15 2021 09:56:38 GMT-0400 (Eastern Daylight Time)
[debug] [2021-09-15T13:56:38.468Z] ----------------------------------------------------------------------
[debug] 
[debug] [2021-09-15T13:56:38.517Z] > command requires scopes: ["email","openid","https://www.googleapis.com/auth/cloudplatformprojects.readonly","https://www.googleapis.com/auth/firebase","https://www.googleapis.com/auth/cloud-platform"]
[debug] [2021-09-15T13:56:38.518Z] > authorizing via signed-in user (jasonkylefrank@gmail.com)
[info] i  emulators: Starting emulators: auth, functions, firestore, hosting {"metadata":{"emulator":{"name":"hub"},"message":"Starting emulators: auth, functions, firestore, hosting"}}
[debug] [2021-09-15T13:56:38.532Z] [hub] writing locator at /var/folders/9_/dh5mx2yj0ks93lwslbm2f8hh0000gn/T/hub-friendlyeats-6a415.json
[warn] ⚠  functions: The following emulators are not running, calls to these services from the Functions emulator will affect production: database, pubsub, storage {"metadata":{"emulator":{"name":"functions"},"message":"The following emulators are not running, calls to these services from the Functions emulator will affect production: \u001b[1mdatabase, pubsub, storage\u001b[22m"}}
[warn] ⚠  Your requested "node" version "14" doesn't match your global version "16" {"metadata":{"emulator":{"name":"functions"},"message":"Your requested \"node\" version \"14\" doesn't match your global version \"16\""}}
[debug] [2021-09-15T13:56:38.549Z] defaultcredentials: writing to file /Users/jasonfrank/.config/firebase/jasonkylefrank_gmail_com_application_default_credentials.json
[debug] [2021-09-15T13:56:38.551Z] Setting GAC to /Users/jasonfrank/.config/firebase/jasonkylefrank_gmail_com_application_default_credentials.json {"metadata":{"emulator":{"name":"functions"},"message":"Setting GAC to /Users/jasonfrank/.config/firebase/jasonkylefrank_gmail_com_application_default_credentials.json"}}
[debug] [2021-09-15T13:56:38.554Z] >>> [apiv2][query] GET https://firebase.googleapis.com/v1beta1/projects/friendlyeats-6a415/adminSdkConfig [none]
[debug] [2021-09-15T13:56:38.912Z] <<< [apiv2][status] GET https://firebase.googleapis.com/v1beta1/projects/friendlyeats-6a415/adminSdkConfig 200
[debug] [2021-09-15T13:56:38.912Z] <<< [apiv2][body] GET https://firebase.googleapis.com/v1beta1/projects/friendlyeats-6a415/adminSdkConfig {"projectId":"friendlyeats-6a415","storageBucket":"friendlyeats-6a415.appspot.com","locationId":"us-central"}
[debug] [2021-09-15T13:56:39.186Z] Ignoring unsupported arg: projectId {"metadata":{"emulator":{"name":"firestore"},"message":"Ignoring unsupported arg: projectId"}}
[debug] [2021-09-15T13:56:39.186Z] Ignoring unsupported arg: auto_download {"metadata":{"emulator":{"name":"firestore"},"message":"Ignoring unsupported arg: auto_download"}}
[debug] [2021-09-15T13:56:39.186Z] Starting Firestore Emulator with command {"binary":"java","args":["-Dgoogle.cloud_firestore.debug_log_level=FINE","-Duser.language=en","-jar","/Users/jasonfrank/.cache/firebase/emulators/cloud-firestore-emulator-v1.13.1.jar","--host","localhost","--port",8080,"--rules","/Users/jasonfrank/Projects/firebase/friendlyeats/firestore.rules","--functions_emulator","localhost:5001"],"optionalArgs":["port","webchannel_port","host","rules","functions_emulator","seed_from_export"],"joinArgs":false} {"metadata":{"emulator":{"name":"firestore"},"message":"Starting Firestore Emulator with command {\"binary\":\"java\",\"args\":[\"-Dgoogle.cloud_firestore.debug_log_level=FINE\",\"-Duser.language=en\",\"-jar\",\"/Users/jasonfrank/.cache/firebase/emulators/cloud-firestore-emulator-v1.13.1.jar\",\"--host\",\"localhost\",\"--port\",8080,\"--rules\",\"/Users/jasonfrank/Projects/firebase/friendlyeats/firestore.rules\",\"--functions_emulator\",\"localhost:5001\"],\"optionalArgs\":[\"port\",\"webchannel_port\",\"host\",\"rules\",\"functions_emulator\",\"seed_from_export\"],\"joinArgs\":false}"}}
[info] i  firestore: Firestore Emulator logging to firestore-debug.log {"metadata":{"emulator":{"name":"firestore"},"message":"Firestore Emulator logging to \u001b[1mfirestore-debug.log\u001b[22m"}}
[debug] [2021-09-15T13:56:39.953Z] Sep 15, 2021 9:56:39 AM com.google.cloud.datastore.emulator.firestore.websocket.WebSocketServer start
INFO: Started WebSocket server on ws://localhost:63235
 {"metadata":{"emulator":{"name":"firestore"},"message":"Sep 15, 2021 9:56:39 AM com.google.cloud.datastore.emulator.firestore.websocket.WebSocketServer start\nINFO: Started WebSocket server on ws://localhost:63235\n"}}
[debug] [2021-09-15T13:56:39.970Z] API endpoint: http://localhost {"metadata":{"emulator":{"name":"firestore"},"message":"API endpoint: http://localhost"}}
[debug] [2021-09-15T13:56:39.971Z] :8080
If you are using a library that supports the FIRESTORE_EMULATOR_HOST environment variable, run:

   export FIRESTORE_EMULATOR_HOST=localhost:8080

Dev App Server is now running.

 {"metadata":{"emulator":{"name":"firestore"},"message":":8080\nIf you are using a library that supports the FIRESTORE_EMULATOR_HOST environment variable, run:\n\n   export FIRESTORE_EMULATOR_HOST=localhost:8080\n\nDev App Server is now running.\n\n"}}
[debug] [2021-09-15T13:56:42.361Z] >>> [apiv2][query] GET https://firebasehosting.googleapis.com/v1beta1/projects/friendlyeats-6a415/sites 
[debug] [2021-09-15T13:56:42.689Z] <<< [apiv2][status] GET https://firebasehosting.googleapis.com/v1beta1/projects/friendlyeats-6a415/sites 200
[debug] [2021-09-15T13:56:42.689Z] <<< [apiv2][body] GET https://firebasehosting.googleapis.com/v1beta1/projects/friendlyeats-6a415/sites {"sites":[{"name":"projects/605785381264/sites/friendlyeats-6a415","defaultUrl":"https://friendlyeats-6a415.web.app","type":"DEFAULT_SITE"}]}
[debug] [2021-09-15T13:56:42.690Z] >>> [apiv2][query] GET https://firebase.googleapis.com/v1beta1/projects/friendlyeats-6a415/webApps/-/config [none]
[debug] [2021-09-15T13:56:43.199Z] <<< [apiv2][status] GET https://firebase.googleapis.com/v1beta1/projects/friendlyeats-6a415/webApps/-/config 200
[debug] [2021-09-15T13:56:43.199Z] <<< [apiv2][body] GET https://firebase.googleapis.com/v1beta1/projects/friendlyeats-6a415/webApps/-/config {"projectId":"friendlyeats-6a415","storageBucket":"friendlyeats-6a415.appspot.com","locationId":"us-central","apiKey":"AIzaSyBFRoXI4aGcqPE4Nk4LgJk9JoIhDwk_C54","authDomain":"friendlyeats-6a415.firebaseapp.com","messagingSenderId":"605785381264"}
[info] i  hosting: Serving hosting files from: ./ {"metadata":{"emulator":{"name":"hosting"},"message":"Serving hosting files from: \u001b[1m./\u001b[22m"}}
[info] ✔  hosting: Local server: http://localhost:5000 {"metadata":{"emulator":{"name":"hosting"},"message":"Local server: \u001b[4m\u001b[1mhttp://localhost:5000\u001b[22m\u001b[24m"}}
[info] i  functions: Watching "/Users/jasonfrank/Projects/firebase/friendlyeats/functions" for Cloud Functions... {"metadata":{"emulator":{"name":"functions"},"message":"Watching \"/Users/jasonfrank/Projects/firebase/friendlyeats/functions\" for Cloud Functions..."}}
[debug] [2021-09-15T13:56:43.486Z] [worker-pool] addWorker(~diagnostic~) {"metadata":{"emulator":{"name":"functions"},"message":"[worker-pool] addWorker(~diagnostic~)"}}
[debug] [2021-09-15T13:56:43.487Z] [worker-pool] Adding worker with key ~diagnostic~, total=1 {"metadata":{"emulator":{"name":"functions"},"message":"[worker-pool] Adding worker with key ~diagnostic~, total=1"}}
[debug] [2021-09-15T13:56:43.487Z] [worker-pool] submitWork(triggerId=) {"metadata":{"emulator":{"name":"functions"},"message":"[worker-pool] submitWork(triggerId=)"}}
[debug] [2021-09-15T13:56:43.487Z] [worker-~diagnostic~-0f824e7c-647b-485b-9338-6fc3776b7754]: Assigning socketPath: /var/folders/9_/dh5mx2yj0ks93lwslbm2f8hh0000gn/T/fire_emu_79623.sock {"metadata":{"emulator":{"name":"functions"},"message":"[worker-~diagnostic~-0f824e7c-647b-485b-9338-6fc3776b7754]: Assigning socketPath: /var/folders/9_/dh5mx2yj0ks93lwslbm2f8hh0000gn/T/fire_emu_79623.sock"}}
[debug] [2021-09-15T13:56:43.487Z] [worker-~diagnostic~-0f824e7c-647b-485b-9338-6fc3776b7754]: BUSY {"metadata":{"emulator":{"name":"functions"},"message":"[worker-~diagnostic~-0f824e7c-647b-485b-9338-6fc3776b7754]: BUSY"}}
[debug] [2021-09-15T13:56:43.722Z] [runtime-status] [79623] Functions runtime initialized. {"cwd":"/Users/jasonfrank/Projects/firebase/friendlyeats/functions","node_version":"16.3.0"} {"metadata":{"emulator":{"name":"functions"},"message":"[runtime-status] [79623] Functions runtime initialized. {\"cwd\":\"/Users/jasonfrank/Projects/firebase/friendlyeats/functions\",\"node_version\":\"16.3.0\"}"}}
[debug] [2021-09-15T13:56:43.724Z] [runtime-status] [79623] Disabled runtime features: undefined {"metadata":{"emulator":{"name":"functions"},"message":"[runtime-status] [79623] Disabled runtime features: undefined"}}
[debug] [2021-09-15T13:56:43.726Z] [runtime-status] [79623] Resolved module firebase-admin {"declared":true,"installed":true,"version":"9.11.1","resolution":"/Users/jasonfrank/Projects/firebase/friendlyeats/functions/node_modules/firebase-admin/lib/index.js"} {"metadata":{"emulator":{"name":"functions"},"message":"[runtime-status] [79623] Resolved module firebase-admin {\"declared\":true,\"installed\":true,\"version\":\"9.11.1\",\"resolution\":\"/Users/jasonfrank/Projects/firebase/friendlyeats/functions/node_modules/firebase-admin/lib/index.js\"}"}}
[debug] [2021-09-15T13:56:43.729Z] [runtime-status] [79623] Resolved module firebase-functions {"declared":true,"installed":true,"version":"3.15.5","resolution":"/Users/jasonfrank/Projects/firebase/friendlyeats/functions/node_modules/firebase-functions/lib/index.js"} {"metadata":{"emulator":{"name":"functions"},"message":"[runtime-status] [79623] Resolved module firebase-functions {\"declared\":true,\"installed\":true,\"version\":\"3.15.5\",\"resolution\":\"/Users/jasonfrank/Projects/firebase/friendlyeats/functions/node_modules/firebase-functions/lib/index.js\"}"}}
[debug] [2021-09-15T13:56:43.731Z] [runtime-status] [79623] Resolved module firebase-functions {"declared":true,"installed":true,"version":"3.15.5","resolution":"/Users/jasonfrank/Projects/firebase/friendlyeats/functions/node_modules/firebase-functions/lib/index.js"} {"metadata":{"emulator":{"name":"functions"},"message":"[runtime-status] [79623] Resolved module firebase-functions {\"declared\":true,\"installed\":true,\"version\":\"3.15.5\",\"resolution\":\"/Users/jasonfrank/Projects/firebase/friendlyeats/functions/node_modules/firebase-functions/lib/index.js\"}"}}
[debug] [2021-09-15T13:56:43.733Z] [runtime-status] [79623] Outgoing network have been stubbed. [{"name":"http","status":"mocked"},{"name":"http","status":"mocked"},{"name":"https","status":"mocked"},{"name":"https","status":"mocked"},{"name":"net","status":"mocked"}] {"metadata":{"emulator":{"name":"functions"},"message":"[runtime-status] [79623] Outgoing network have been stubbed. [{\"name\":\"http\",\"status\":\"mocked\"},{\"name\":\"http\",\"status\":\"mocked\"},{\"name\":\"https\",\"status\":\"mocked\"},{\"name\":\"https\",\"status\":\"mocked\"},{\"name\":\"net\",\"status\":\"mocked\"}]"}}
[debug] [2021-09-15T13:56:43.734Z] [runtime-status] [79623] Resolved module firebase-functions {"declared":true,"installed":true,"version":"3.15.5","resolution":"/Users/jasonfrank/Projects/firebase/friendlyeats/functions/node_modules/firebase-functions/lib/index.js"} {"metadata":{"emulator":{"name":"functions"},"message":"[runtime-status] [79623] Resolved module firebase-functions {\"declared\":true,\"installed\":true,\"version\":\"3.15.5\",\"resolution\":\"/Users/jasonfrank/Projects/firebase/friendlyeats/functions/node_modules/firebase-functions/lib/index.js\"}"}}
[debug] [2021-09-15T13:56:43.770Z] [runtime-status] [79623] Checked functions.config() {"config":{}} {"metadata":{"emulator":{"name":"functions"},"message":"[runtime-status] [79623] Checked functions.config() {\"config\":{}}"}}
[debug] [2021-09-15T13:56:43.771Z] [runtime-status] [79623] firebase-functions has been stubbed. {"functionsResolution":{"declared":true,"installed":true,"version":"3.15.5","resolution":"/Users/jasonfrank/Projects/firebase/friendlyeats/functions/node_modules/firebase-functions/lib/index.js"}} {"metadata":{"emulator":{"name":"functions"},"message":"[runtime-status] [79623] firebase-functions has been stubbed. {\"functionsResolution\":{\"declared\":true,\"installed\":true,\"version\":\"3.15.5\",\"resolution\":\"/Users/jasonfrank/Projects/firebase/friendlyeats/functions/node_modules/firebase-functions/lib/index.js\"}}"}}
[debug] [2021-09-15T13:56:43.771Z] [runtime-status] [79623] Resolved module firebase-functions {"declared":true,"installed":true,"version":"3.15.5","resolution":"/Users/jasonfrank/Projects/firebase/friendlyeats/functions/node_modules/firebase-functions/lib/index.js"} {"metadata":{"emulator":{"name":"functions"},"message":"[runtime-status] [79623] Resolved module firebase-functions {\"declared\":true,\"installed\":true,\"version\":\"3.15.5\",\"resolution\":\"/Users/jasonfrank/Projects/firebase/friendlyeats/functions/node_modules/firebase-functions/lib/index.js\"}"}}
[debug] [2021-09-15T13:56:43.772Z] [runtime-status] [79623] Resolved module firebase-admin {"declared":true,"installed":true,"version":"9.11.1","resolution":"/Users/jasonfrank/Projects/firebase/friendlyeats/functions/node_modules/firebase-admin/lib/index.js"} {"metadata":{"emulator":{"name":"functions"},"message":"[runtime-status] [79623] Resolved module firebase-admin {\"declared\":true,\"installed\":true,\"version\":\"9.11.1\",\"resolution\":\"/Users/jasonfrank/Projects/firebase/friendlyeats/functions/node_modules/firebase-admin/lib/index.js\"}"}}
[debug] [2021-09-15T13:56:43.773Z] [runtime-status] [79623] Resolved module firebase-functions {"declared":true,"installed":true,"version":"3.15.5","resolution":"/Users/jasonfrank/Projects/firebase/friendlyeats/functions/node_modules/firebase-functions/lib/index.js"} {"metadata":{"emulator":{"name":"functions"},"message":"[runtime-status] [79623] Resolved module firebase-functions {\"declared\":true,\"installed\":true,\"version\":\"3.15.5\",\"resolution\":\"/Users/jasonfrank/Projects/firebase/friendlyeats/functions/node_modules/firebase-functions/lib/index.js\"}"}}
[debug] [2021-09-15T13:56:43.773Z] [runtime-status] [79623] firebase-admin has been stubbed. {"adminResolution":{"declared":true,"installed":true,"version":"9.11.1","resolution":"/Users/jasonfrank/Projects/firebase/friendlyeats/functions/node_modules/firebase-admin/lib/index.js"}} {"metadata":{"emulator":{"name":"functions"},"message":"[runtime-status] [79623] firebase-admin has been stubbed. {\"adminResolution\":{\"declared\":true,\"installed\":true,\"version\":\"9.11.1\",\"resolution\":\"/Users/jasonfrank/Projects/firebase/friendlyeats/functions/node_modules/firebase-admin/lib/index.js\"}}"}}
[info] ✔  functions[us-central1-helloWorld]: http function initialized (http://localhost:5001/friendlyeats-6a415/us-central1/helloWorld). {"metadata":{"emulator":{"name":"functions"},"message":"\u001b[1mhttp\u001b[22m function initialized (http://localhost:5001/friendlyeats-6a415/us-central1/helloWorld)."}}
[debug] [2021-09-15T13:56:43.777Z] addFirestoreTrigger "{\"eventTrigger\":{\"resource\":\"projects/friendlyeats-6a415/databases/(default)/documents/messages/{documentId}\",\"eventType\":\"providers/cloud.firestore/eventTypes/document.create\",\"service\":\"firestore.googleapis.com\"}}"
[debug] [2021-09-15T13:56:43.778Z] >>> HTTP REQUEST PUT http://localhost:8080/emulator/v1/projects/friendlyeats-6a415/triggers/us-central1-makeUppercase-0  
 {"eventTrigger":{"resource":"projects/friendlyeats-6a415/databases/(default)/documents/messages/{documentId}","eventType":"providers/cloud.firestore/eventTypes/document.create","service":"firestore.googleapis.com"}}
[debug] [2021-09-15T13:56:43.782Z] [worker-~diagnostic~-0f824e7c-647b-485b-9338-6fc3776b7754]: IDLE {"metadata":{"emulator":{"name":"functions"},"message":"[worker-~diagnostic~-0f824e7c-647b-485b-9338-6fc3776b7754]: IDLE"}}
[debug] [2021-09-15T13:56:43.795Z] Sep 15, 2021 9:56:43 AM io.gapi.emulators.netty.HttpVersionRoutingHandler channelRead
INFO: Detected non-HTTP/2 connection.
 {"metadata":{"emulator":{"name":"firestore"},"message":"Sep 15, 2021 9:56:43 AM io.gapi.emulators.netty.HttpVersionRoutingHandler channelRead\nINFO: Detected non-HTTP/2 connection.\n"}}
[debug] [2021-09-15T13:56:43.922Z] Sep 15, 2021 9:56:43 AM io.gapi.emulators.netty.HttpVersionRoutingHandler channelRead
INFO: Detected HTTP/2 connection.
 {"metadata":{"emulator":{"name":"firestore"},"message":"Sep 15, 2021 9:56:43 AM io.gapi.emulators.netty.HttpVersionRoutingHandler channelRead\nINFO: Detected HTTP/2 connection.\n"}}
[debug] [2021-09-15T13:56:44.404Z] <<< HTTP RESPONSE 200 {"content-type":"application/json","content-length":"4"}
[info] ✔  functions[us-central1-makeUppercase]: firestore function initialized. {"metadata":{"emulator":{"name":"functions"},"message":"\u001b[1mfirestore\u001b[22m function initialized."}}
[info] i  Running script: ./test.sh 
[debug] [2021-09-15T13:56:44.410Z] Running ./test.sh with environment {"MANPATH":"/Users/jasonfrank/.nvm/versions/node/v16.3.0/share/man:/usr/share/man:/usr/local/share/man:/opt/X11/share/man:/Library/Apple/usr/share/man:/Library/Developer/CommandLineTools/SDKs/MacOSX.sdk/usr/share/man:/Library/Developer/CommandLineTools/usr/share/man","TERM_PROGRAM":"vscode","LESS_TERMCAP_md":"\u001b[38;5;136m","TERM":"xterm-256color","SHELL":"/bin/bash","HISTSIZE":"32768","TMPDIR":"/var/folders/9_/dh5mx2yj0ks93lwslbm2f8hh0000gn/T/","NVM_PATH":"/Users/jasonfrank/.nvm/versions/node/v16.3.0/lib/node","TERM_PROGRAM_VERSION":"1.60.0","ORIGINAL_XDG_CURRENT_DESKTOP":"undefined","TERM_SESSION_ID":"BA29C28D-EDB0-4FE0-ADA9-20C5D5709B3A","LC_ALL":"en_US.UTF-8","NVM_DIR":"/Users/jasonfrank/.nvm","HISTFILESIZE":"32768","USER":"jasonfrank","LS_COLORS":"no=00:fi=00:di=01;34:ln=01;36:pi=40;33:so=01;35:do=01;35:bd=40;33;01:cd=40;33;01:or=40;31;01:ex=01;32:*.tar=01;31:*.tgz=01;31:*.arj=01;31:*.taz=01;31:*.lzh=01;31:*.zip=01;31:*.z=01;31:*.Z=01;31:*.gz=01;31:*.bz2=01;31:*.deb=01;31:*.rpm=01;31:*.jar=01;31:*.jpg=01;35:*.jpeg=01;35:*.gif=01;35:*.bmp=01;35:*.pbm=01;35:*.pgm=01;35:*.ppm=01;35:*.tga=01;35:*.xbm=01;35:*.xpm=01;35:*.tif=01;35:*.tiff=01;35:*.png=01;35:*.mov=01;35:*.mpg=01;35:*.mpeg=01;35:*.avi=01;35:*.fli=01;35:*.gl=01;35:*.dl=01;35:*.xcf=01;35:*.xwd=01;35:*.ogg=01;35:*.mp3=01;35:*.wav=01;35:","SSH_AUTH_SOCK":"/private/tmp/com.apple.launchd.slXGPb9thc/Listeners","__CF_USER_TEXT_ENCODING":"0x1F5:0x0:0x0","PATH":"/Users/jasonfrank/.nvm/versions/node/v16.3.0/bin:/Users/jasonfrank/bin:/usr/local/bin:/usr/bin:/bin:/usr/sbin:/sbin:/usr/local/share/dotnet:/opt/X11/bin:~/.dotnet/tools:/Users/jasonfrank/bin","LaunchInstanceID":"CDF08CEC-5041-4C10-80E5-0743732F7238","NVM_NODEJS_ORG_MIRROR":"https://nodejs.org/dist","__CFBundleIdentifier":"com.apple.Terminal","PWD":"/Users/jasonfrank/Projects/firebase/friendlyeats","EDITOR":"vim","LANG":"en_US.UTF-8","XPC_FLAGS":"0x0","PS1":"\\[\\033]0;\\w\\007\\]\\[\u001b[1m\\]\\n\\[\u001b[38;5;166m\\]\\u\\[\u001b[97m\\] at \\[\u001b[38;5;136m\\]\\h\\[\u001b[97m\\] in \\[\u001b[38;5;64m\\]\\w$(prompt_git \"\u001b[97m on \u001b[38;5;61m\")\\n\\[\u001b[97m\\]$ \\[\u001b(B\u001b[m\\]","PS2":"\\[\u001b[38;5;136m\\]→ \\[\u001b(B\u001b[m\\]","HISTCONTROL":"ignoreboth","XPC_SERVICE_NAME":"0","MANPAGER":"less -X","HOME":"/Users/jasonfrank","SHLVL":"3","VSCODE_GIT_ASKPASS_MAIN":"/Applications/Visual Studio Code.app/Contents/Resources/app/extensions/git/dist/askpass-main.js","APPLICATION_INSIGHTS_NO_DIAGNOSTIC_CHANNEL":"true","GREP_OPTIONS":"--color=auto","LOGNAME":"jasonfrank","VSCODE_GIT_IPC_HANDLE":"/var/folders/9_/dh5mx2yj0ks93lwslbm2f8hh0000gn/T/vscode-git-ea2319d800.sock","NVM_BIN":"/Users/jasonfrank/.nvm/versions/node/v16.3.0/bin","NVM_IOJS_ORG_MIRROR":"https://iojs.org/dist","VSCODE_GIT_ASKPASS_NODE":"/Applications/Visual Studio Code.app/Contents/Frameworks/Code Helper (Renderer).app/Contents/MacOS/Code Helper (Renderer)","GIT_ASKPASS":"/Applications/Visual Studio Code.app/Contents/Resources/app/extensions/git/dist/askpass.sh","DISPLAY":"/private/tmp/com.apple.launchd.evSGGXXq0n/org.macosforge.xquartz:0","SECURITYSESSIONID":"186a6","COLORTERM":"truecolor","_":"/Users/jasonfrank/.nvm/versions/node/v16.3.0/bin/firebase","IS_FIREBASE_CLI":"true","GCLOUD_PROJECT":"friendlyeats-6a415","FIRESTORE_EMULATOR_HOST":"localhost:8080","FIREBASE_FIRESTORE_EMULATOR_ADDRESS":"localhost:8080","FIREBASE_AUTH_EMULATOR_HOST":"localhost:9099","FIREBASE_EMULATOR_HUB":"localhost:4400"}
[warn] ⚠  Script exited unsuccessfully (code 127) 
[info] i  emulators: Shutting down emulators. {"metadata":{"emulator":{"name":"hub"},"message":"Shutting down emulators."}}
[info] i  functions: Stopping Functions Emulator {"metadata":{"emulator":{"name":"functions"},"message":"Stopping Functions Emulator"}}
[info] i  hosting: Stopping Hosting Emulator {"metadata":{"emulator":{"name":"hosting"},"message":"Stopping Hosting Emulator"}}
[info] i  firestore: Stopping Firestore Emulator {"metadata":{"emulator":{"name":"firestore"},"message":"Stopping Firestore Emulator"}}
[debug] [2021-09-15T13:56:45.071Z] *** shutting down gRPC server since JVM is shutting down
 {"metadata":{"emulator":{"name":"firestore"},"message":"*** shutting down gRPC server since JVM is shutting down\n"}}
[debug] [2021-09-15T13:56:45.073Z] [worker-~diagnostic~-0f824e7c-647b-485b-9338-6fc3776b7754]: exited {"metadata":{"emulator":{"name":"functions"},"message":"[worker-~diagnostic~-0f824e7c-647b-485b-9338-6fc3776b7754]: exited"}}
[debug] [2021-09-15T13:56:45.073Z] [worker-~diagnostic~-0f824e7c-647b-485b-9338-6fc3776b7754]: FINISHED {"metadata":{"emulator":{"name":"functions"},"message":"[worker-~diagnostic~-0f824e7c-647b-485b-9338-6fc3776b7754]: FINISHED"}}
[debug] [2021-09-15T13:56:45.078Z] *** server shut down
 {"metadata":{"emulator":{"name":"firestore"},"message":"*** server shut down\n"}}
[info] i  auth: Stopping Authentication Emulator {"metadata":{"emulator":{"name":"auth"},"message":"Stopping Authentication Emulator"}}
[info] i  hub: Stopping emulator hub {"metadata":{"emulator":{"name":"hub"},"message":"Stopping emulator hub"}}
[error] 
[error] Error: Script "./test.sh" exited with code 127
